<?xml version="1.0" encoding="utf-8"?><testsuites name="pytest tests"><testsuite name="pytest" errors="0" failures="1" skipped="0" tests="47" time="72.124" timestamp="2026-06-29T05:45:38.157553+00:00" hostname="agent-env-9b256c01-7fbc-4906-81ce-a9e91eeb451c"><testcase classname="tests.backend_test.TestAuth" name="test_login_admin" time="0.473" /><testcase classname="tests.backend_test.TestAuth" name="test_login_invalid" time="0.508" /><testcase classname="tests.test_admin_approval.TestAdminApproval" name="test_list_users_admin_only" time="0.984" /><testcase classname="tests.backend_test.TestAuth" name="test_register_and_duplicate" time="0.427" /><testcase classname="tests.test_admin_approval.TestAdminApproval" name="test_list_users_no_auth_returns_401" time="0.327" /><testcase classname="tests.test_admin_approval.TestAdminApproval" name="test_list_users_non_admin_returns_403" time="0.593" /><testcase classname="tests.backend_test.TestAuth" name="test_me_with_token" time="0.616" /><testcase classname="tests.test_admin_approval.TestAdminApproval" name="test_list_users_filter_pending" time="0.100" /><testcase classname="tests.test_admin_approval.TestAdminApproval" name="test_pending_user_cannot_call_me_via_jwt" time="0.102" /><testcase classname="tests.backend_test.TestAuth" name="test_me_without_token" time="0.098" /><testcase classname="tests.test_admin_approval.TestAdminApproval" name="test_approve_pending_user_flips_status" time="0.102" /><testcase classname="tests.backend_test.TestAuth" name="test_sessions_no_auth" time="0.140" /><testcase classname="tests.test_admin_approval.TestAdminApproval" name="test_approve_nonexistent_returns_404" time="0.101" /><testcase classname="tests.backend_test.TestAuth" name="test_messages_no_auth" time="0.093" /><testcase classname="tests.test_admin_approval.TestAdminApproval" name="test_reject_pending_user_deletes" time="0.099" /><testcase classname="tests.backend_test.TestMessages" name="test_send_requires_connected" time="0.296" /><testcase classname="tests.test_admin_approval.TestAdminApproval" name="test_reject_admin_returns_400" time="0.135" /><testcase classname="tests.test_admin_approval.TestAdminApproval" name="test_reject_nonexistent_returns_404" time="0.170" /><testcase classname="tests.backend_test.TestMessages" name="test_send_message" time="0.396" /><testcase classname="tests.test_security.TestSEC003SimulateValidation" name="test_empty_body_rejected" time="0.473" /><testcase classname="tests.backend_test.TestMessages" name="test_broadcast" time="0.099" /><testcase classname="tests.backend_test.TestMessages" name="test_list_messages" time="0.107" /><testcase classname="tests.test_security.TestSEC003SimulateValidation" name="test_mongo_operator_session_id_rejected" time="0.135" /><testcase classname="tests.test_admin_approval.TestExistingAuthRegression" name="test_admin_login_returns_token_and_user" time="0.324" /><testcase classname="tests.test_security.TestSEC003SimulateValidation" name="test_empty_text_rejected" time="0.256" /><testcase classname="tests.test_security.TestSEC003SimulateValidation" name="test_valid_payload_works" time="0.464" /><testcase classname="tests.test_admin_approval.TestExistingAuthRegression" name="test_me_with_admin_token" time="0.471" /><testcase classname="tests.test_admin_approval.TestGoogleSessionInvalid" name="test_invalid_session_id_returns_401" time="0.398" /><testcase classname="tests.test_admin_approval.TestExistingAuthRegression" name="test_register_creates_active_user_and_can_login" time="0.678" /><testcase classname="tests.test_admin_approval.TestGoogleSessionInvalid" name="test_missing_session_id_validation" time="0.278" /><testcase classname="tests.test_security.TestSEC001AdminLogin" name="test_admin_login_works" time="0.570" /><testcase classname="tests.test_security.TestSEC002ApiKeyHashing" name="test_create_returns_full_key_list_returns_masked_only" time="0.885" /><testcase classname="tests.test_security.TestSEC002ApiKeyHashing" name="test_existing_keys_have_prefix_suffix_no_plaintext" time="0.096" /><testcase classname="tests.test_security.TestJWT" name="test_refresh_type_rejected" time="0.097" /><testcase classname="tests.test_security.TestJWT" name="test_jwt_expiry_within_24h" time="0.000" /><testcase classname="tests.test_security.TestBroadcastCap" name="test_501_numbers_rejected" time="0.096" /><testcase classname="tests.test_security.TestBroadcastCap" name="test_500_numbers_allowed_validation" time="0.301" /><testcase classname="tests.test_security.TestCORS" name="test_allowed_origin_present" time="0.070" /><testcase classname="tests.test_security.TestCORS" name="test_disallowed_origin_absent" time="0.073" /><testcase classname="tests.backend_test.TestHealth" name="test_root" time="0.090" /><testcase classname="tests.test_security.TestSEC001AdminLogin" name="test_me_with_token" time="60.999" /><testcase classname="tests.test_security.TestRateLimits" name="test_login_rate_limit_5_per_minute" time="1.686" /><testcase classname="tests.backend_test.TestSessions" name="test_create_list_get_delete_session" time="61.485" /><testcase classname="tests.test_security.TestRateLimits" name="test_register_rate_limit_3_per_minute" time="2.926" /><testcase classname="tests.backend_test.TestAutoReply" name="test_rule_crud_and_simulate" time="1.027"><failure message="AssertionError: assert '167d208c-a91...-afee40f33eb1' == '567f5c97-1c1...-d6b5a192ed63'&#10;  &#10;  - 567f5c97-1c15-4d10-89a3-d6b5a192ed63&#10;  + 167d208c-a91e-46ea-a88d-afee40f33eb1">backend/tests/backend_test.py:209: in test_rule_crud_and_simulate
    assert sbody["matched_rule"]["id"] == rule["id"]
E   AssertionError: assert '167d208c-a91...-afee40f33eb1' == '567f5c97-1c1...-d6b5a192ed63'
E     
E     - 567f5c97-1c15-4d10-89a3-d6b5a192ed63
E     + 167d208c-a91e-46ea-a88d-afee40f33eb1</failure></testcase><testcase classname="tests.backend_test.TestApiKeys" name="test_create_list_and_public_endpoints" time="1.348" /><testcase classname="tests.backend_test.TestStats" name="test_overview_shape" time="0.243" /></testsuite></testsuites>