<?xml version="1.0" encoding="utf-8"?><testsuites name="pytest tests"><testsuite name="pytest" errors="0" failures="0" skipped="0" tests="8" time="3.186" timestamp="2026-06-29T07:39:41.687028+00:00" hostname="agent-env-9b256c01-7fbc-4906-81ce-a9e91eeb451c"><testcase classname="tests.test_iteration7_smoke" name="test_login_admin" time="0.522" /><testcase classname="tests.test_iteration7_smoke" name="test_sessions_endpoint" time="0.456" /><testcase classname="tests.test_iteration7_smoke" name="test_admin_users" time="0.414" /><testcase classname="tests.test_iteration7_smoke" name="test_admin_invitations" time="0.472" /><testcase classname="tests.test_iteration7_smoke" name="test_auth_me" time="0.495" /><testcase classname="tests.test_iteration7_smoke" name="test_compose_no_version_key" time="0.048" /><testcase classname="tests.test_iteration7_smoke" name="test_frontend_dockerfile_defensive" time="0.000" /><testcase classname="tests.test_iteration7_smoke" name="test_baileys_dockerfile_defensive" time="0.000" /></testsuite></testsuites>