<?xml version="1.0" encoding="utf-8"?><testsuites name="pytest tests"><testsuite name="pytest" errors="0" failures="0" skipped="0" tests="14" time="30.497" timestamp="2026-06-29T06:06:59.193578+00:00" hostname="agent-env-9b256c01-7fbc-4906-81ce-a9e91eeb451c"><testcase classname="tests.test_invitations.TestInvitationAccept" name="test_accept_happy_path_and_login" time="2.789" /><testcase classname="tests.test_invitations.TestInvitationPublicRead" name="test_public_get_pending" time="1.244" /><testcase classname="tests.test_invitations.TestInvitationPublicRead" name="test_public_get_unknown_404" time="0.096" /><testcase classname="tests.test_invitations.TestInvitationPublicRead" name="test_public_get_revoked_410" time="0.359" /><testcase classname="tests.test_invitations.TestInvitationCreate" name="test_create_invitation_returns_token" time="0.110" /><testcase classname="tests.test_invitations.TestInvitationCreate" name="test_create_invitation_non_admin_forbidden" time="0.449" /><testcase classname="tests.test_invitations.TestInvitationListRevoke" name="test_list_and_revoke" time="0.578" /><testcase classname="tests.test_invitations.TestInvitationAccept" name="test_accept_already_accepted_410" time="13.677" /><testcase classname="tests.test_invitations.TestInvitationListRevoke" name="test_recreate_revokes_previous" time="0.459" /><testcase classname="tests.test_invitations.TestBaileysWebhook" name="test_webhook_missing_fields_400" time="0.091" /><testcase classname="tests.test_invitations.TestBaileysWebhook" name="test_webhook_unknown_session_ok" time="0.096" /><testcase classname="tests.test_invitations.TestSimulationStillWorks" name="test_session_create_returns_qr_png_data_url" time="0.137" /><testcase classname="tests.test_invitations.TestInvitationAccept" name="test_accept_short_password_422" time="13.228" /><testcase classname="tests.test_invitations.TestEmailNoop" name="test_invitation_succeeds_without_resend_key" time="0.100" /></testsuite></testsuites>