<?xml version="1.0" encoding="utf-8"?><testsuites name="pytest tests"><testsuite name="pytest" errors="0" failures="0" skipped="0" tests="16" time="7.564" timestamp="2026-06-29T05:41:20.020437+00:00" hostname="agent-env-9b256c01-7fbc-4906-81ce-a9e91eeb451c"><testcase classname="tests.test_security.TestSEC001AdminLogin" name="test_admin_login_works" time="0.489" /><testcase classname="tests.test_security.TestSEC001AdminLogin" name="test_me_with_token" time="0.419" /><testcase classname="tests.test_security.TestSEC002ApiKeyHashing" name="test_create_returns_full_key_list_returns_masked_only" time="0.415" /><testcase classname="tests.test_security.TestSEC002ApiKeyHashing" name="test_existing_keys_have_prefix_suffix_no_plaintext" time="0.091" /><testcase classname="tests.test_security.TestSEC003SimulateValidation" name="test_empty_body_rejected" time="0.104" /><testcase classname="tests.test_security.TestSEC003SimulateValidation" name="test_mongo_operator_session_id_rejected" time="0.094" /><testcase classname="tests.test_security.TestSEC003SimulateValidation" name="test_empty_text_rejected" time="0.100" /><testcase classname="tests.test_security.TestSEC003SimulateValidation" name="test_valid_payload_works" time="0.386" /><testcase classname="tests.test_security.TestJWT" name="test_refresh_type_rejected" time="0.123" /><testcase classname="tests.test_security.TestJWT" name="test_jwt_expiry_within_24h" time="0.000" /><testcase classname="tests.test_security.TestRateLimits" name="test_login_rate_limit_5_per_minute" time="1.508" /><testcase classname="tests.test_security.TestRateLimits" name="test_register_rate_limit_3_per_minute" time="3.148" /><testcase classname="tests.test_security.TestBroadcastCap" name="test_501_numbers_rejected" time="0.098" /><testcase classname="tests.test_security.TestBroadcastCap" name="test_500_numbers_allowed_validation" time="0.336" /><testcase classname="tests.test_security.TestCORS" name="test_allowed_origin_present" time="0.073" /><testcase classname="tests.test_security.TestCORS" name="test_disallowed_origin_absent" time="0.068" /></testsuite></testsuites>