<?xml version="1.0" encoding="utf-8"?><testsuites name="pytest tests"><testsuite name="pytest" errors="0" failures="1" skipped="0" tests="6" time="2.260" timestamp="2026-06-29T07:27:40.029942+00:00" hostname="agent-env-9b256c01-7fbc-4906-81ce-a9e91eeb451c"><testcase classname="tests.test_gitignore_smoke" name="test_health_root" time="0.312" /><testcase classname="tests.test_gitignore_smoke" name="test_login_admin" time="0.373" /><testcase classname="tests.test_gitignore_smoke" name="test_get_sessions" time="0.514" /><testcase classname="tests.test_gitignore_smoke" name="test_create_api_key" time="0.127"><failure message="AssertionError: got 422: {&quot;detail&quot;:[{&quot;type&quot;:&quot;missing&quot;,&quot;loc&quot;:[&quot;body&quot;,&quot;label&quot;],&quot;msg&quot;:&quot;Field required&quot;,&quot;input&quot;:{&quot;name&quot;:&quot;TEST_smoke_1782718061&quot;},&quot;url&quot;:&quot;https://errors.pydantic.dev/2.13/v/missing&quot;}]}&#10;assert 422 in (200, 201)&#10; +  where 422 = &lt;Response [422]&gt;.status_code">backend/tests/test_gitignore_smoke.py:59: in test_create_api_key
    assert r.status_code in (200, 201), f"got {r.status_code}: {r.text[:200]}"
E   AssertionError: got 422: {"detail":[{"type":"missing","loc":["body","label"],"msg":"Field required","input":{"name":"TEST_smoke_1782718061"},"url":"https://errors.pydantic.dev/2.13/v/missing"}]}
E   assert 422 in (200, 201)
E    +  where 422 = &lt;Response [422]&gt;.status_code</failure></testcase><testcase classname="tests.test_gitignore_smoke" name="test_admin_users" time="0.100" /><testcase classname="tests.test_gitignore_smoke" name="test_create_invitation" time="0.134" /></testsuite></testsuites>