<?xml version="1.0" encoding="utf-8"?><testsuites name="pytest tests"><testsuite name="pytest" errors="0" failures="3" skipped="0" tests="61" time="125.795" timestamp="2026-06-29T06:07:41.801507+00:00" hostname="agent-env-9b256c01-7fbc-4906-81ce-a9e91eeb451c"><testcase classname="tests.backend_test.TestAuth" name="test_login_admin" time="0.680" /><testcase classname="tests.test_admin_approval.TestAdminApproval" name="test_list_users_admin_only" time="0.682" /><testcase classname="tests.backend_test.TestAuth" name="test_login_invalid" time="0.101"><failure message="assert 429 == 401&#10; +  where 429 = &lt;Response [429]&gt;.status_code">E   assert 429 == 401
     +  where 429 = &lt;Response [429]&gt;.status_code</failure></testcase><testcase classname="tests.test_admin_approval.TestAdminApproval" name="test_list_users_no_auth_returns_401" time="0.100" /><testcase classname="tests.backend_test.TestAuth" name="test_register_and_duplicate" time="0.713"><failure message="assert 429 == 400&#10; +  where 429 = &lt;Response [429]&gt;.status_code">E   assert 429 == 400
     +  where 429 = &lt;Response [429]&gt;.status_code</failure></testcase><testcase classname="tests.test_admin_approval.TestAdminApproval" name="test_list_users_non_admin_returns_403" time="0.599" /><testcase classname="tests.test_admin_approval.TestAdminApproval" name="test_list_users_filter_pending" time="0.147" /><testcase classname="tests.test_admin_approval.TestAdminApproval" name="test_pending_user_cannot_call_me_via_jwt" time="0.150" /><testcase classname="tests.test_admin_approval.TestAdminApproval" name="test_approve_pending_user_flips_status" time="0.103" /><testcase classname="tests.test_admin_approval.TestAdminApproval" name="test_approve_nonexistent_returns_404" time="0.096" /><testcase classname="tests.test_admin_approval.TestAdminApproval" name="test_reject_pending_user_deletes" time="0.102" /><testcase classname="tests.test_admin_approval.TestAdminApproval" name="test_reject_admin_returns_400" time="0.103" /><testcase classname="tests.test_admin_approval.TestAdminApproval" name="test_reject_nonexistent_returns_404" time="0.101" /><testcase classname="tests.backend_test.TestAuth" name="test_me_with_token" time="30.720" /><testcase classname="tests.backend_test.TestAuth" name="test_me_without_token" time="0.095" /><testcase classname="tests.backend_test.TestAuth" name="test_sessions_no_auth" time="0.093" /><testcase classname="tests.backend_test.TestAuth" name="test_messages_no_auth" time="0.097" /><testcase classname="tests.backend_test.TestMessages" name="test_send_requires_connected" time="31.097" /><testcase classname="tests.test_security.TestSEC003SimulateValidation" name="test_empty_body_rejected" time="0.594" /><testcase classname="tests.test_security.TestSEC003SimulateValidation" name="test_mongo_operator_session_id_rejected" time="0.104" /><testcase classname="tests.test_security.TestSEC003SimulateValidation" name="test_empty_text_rejected" time="0.110" /><testcase classname="tests.test_security.TestSEC003SimulateValidation" name="test_valid_payload_works" time="0.318" /><testcase classname="tests.backend_test.TestMessages" name="test_send_message" time="0.217" /><testcase classname="tests.backend_test.TestMessages" name="test_broadcast" time="0.101" /><testcase classname="tests.backend_test.TestMessages" name="test_list_messages" time="0.099" /><testcase classname="tests.test_admin_approval.TestExistingAuthRegression" name="test_admin_login_returns_token_and_user" time="0.333" /><testcase classname="tests.test_invitations.TestInvitationPublicRead" name="test_public_get_pending" time="0.708" /><testcase classname="tests.test_invitations.TestInvitationPublicRead" name="test_public_get_unknown_404" time="0.093" /><testcase classname="tests.test_invitations.TestInvitationPublicRead" name="test_public_get_revoked_410" time="0.288" /><testcase classname="tests.test_admin_approval.TestGoogleSessionInvalid" name="test_invalid_session_id_returns_401" time="0.251" /><testcase classname="tests.test_admin_approval.TestGoogleSessionInvalid" name="test_missing_session_id_validation" time="0.107" /><testcase classname="tests.test_invitations.TestInvitationCreate" name="test_create_invitation_returns_token" time="15.565" /><testcase classname="tests.test_invitations.TestInvitationCreate" name="test_create_invitation_non_admin_forbidden" time="0.427" /><testcase classname="tests.test_invitations.TestInvitationListRevoke" name="test_list_and_revoke" time="0.434" /><testcase classname="tests.test_invitations.TestInvitationListRevoke" name="test_recreate_revokes_previous" time="0.309" /><testcase classname="tests.test_invitations.TestBaileysWebhook" name="test_webhook_missing_fields_400" time="0.098" /><testcase classname="tests.test_invitations.TestBaileysWebhook" name="test_webhook_unknown_session_ok" time="0.105" /><testcase classname="tests.test_security.TestSEC001AdminLogin" name="test_admin_login_works" time="0.333" /><testcase classname="tests.test_security.TestSEC001AdminLogin" name="test_me_with_token" time="0.430" /><testcase classname="tests.test_security.TestSEC002ApiKeyHashing" name="test_create_returns_full_key_list_returns_masked_only" time="0.729" /><testcase classname="tests.test_security.TestSEC002ApiKeyHashing" name="test_existing_keys_have_prefix_suffix_no_plaintext" time="0.095" /><testcase classname="tests.test_security.TestJWT" name="test_refresh_type_rejected" time="0.099" /><testcase classname="tests.test_security.TestJWT" name="test_jwt_expiry_within_24h" time="0.000" /><testcase classname="tests.test_security.TestRateLimits" name="test_login_rate_limit_5_per_minute" time="2.184" /><testcase classname="tests.test_security.TestRateLimits" name="test_register_rate_limit_3_per_minute" time="2.012" /><testcase classname="tests.test_security.TestBroadcastCap" name="test_501_numbers_rejected" time="0.102" /><testcase classname="tests.test_security.TestBroadcastCap" name="test_500_numbers_allowed_validation" time="0.309" /><testcase classname="tests.test_security.TestCORS" name="test_allowed_origin_present" time="0.074" /><testcase classname="tests.test_security.TestCORS" name="test_disallowed_origin_absent" time="0.068" /><testcase classname="tests.backend_test.TestHealth" name="test_root" time="0.112" /><testcase classname="tests.backend_test.TestSessions" name="test_create_list_get_delete_session" time="0.788" /><testcase classname="tests.backend_test.TestAutoReply" name="test_rule_crud_and_simulate" time="20.414"><failure message="AssertionError: assert '167d208c-a91...-afee40f33eb1' == '74d4e342-114...-af69e44fd247'&#10;  &#10;  - 74d4e342-114f-4107-86ac-af69e44fd247&#10;  + 167d208c-a91e-46ea-a88d-afee40f33eb1">E   AssertionError: assert '167d208c-a91...-afee40f33eb1' == '74d4e342-114...-af69e44fd247'
      
      - 74d4e342-114f-4107-86ac-af69e44fd247
      + 167d208c-a91e-46ea-a88d-afee40f33eb1</failure></testcase><testcase classname="tests.backend_test.TestApiKeys" name="test_create_list_and_public_endpoints" time="0.686" /><testcase classname="tests.backend_test.TestStats" name="test_overview_shape" time="0.117" /><testcase classname="tests.test_admin_approval.TestExistingAuthRegression" name="test_me_with_admin_token" time="61.227" /><testcase classname="tests.test_admin_approval.TestExistingAuthRegression" name="test_register_creates_active_user_and_can_login" time="0.659" /><testcase classname="tests.test_invitations.TestEmailNoop" name="test_invitation_succeeds_without_resend_key" time="15.738" /><testcase classname="tests.test_invitations.TestInvitationAccept" name="test_accept_happy_path_and_login" time="2.406" /><testcase classname="tests.test_invitations.TestSimulationStillWorks" name="test_session_create_returns_qr_png_data_url" time="0.439" /><testcase classname="tests.test_invitations.TestInvitationAccept" name="test_accept_already_accepted_410" time="13.548" /><testcase classname="tests.test_invitations.TestInvitationAccept" name="test_accept_short_password_422" time="13.248" /></testsuite></testsuites>