<?xml version="1.0" encoding="utf-8"?><testsuites name="pytest tests"><testsuite name="pytest" errors="0" failures="1" skipped="0" tests="31" time="6.705" timestamp="2026-06-29T04:14:55.701278+00:00" hostname="agent-env-9b256c01-7fbc-4906-81ce-a9e91eeb451c"><testcase classname="tests.backend_test.TestAuth" name="test_login_admin" time="0.631" /><testcase classname="tests.test_admin_approval.TestAdminApproval" name="test_list_users_admin_only" time="0.631" /><testcase classname="tests.backend_test.TestAuth" name="test_login_invalid" time="0.328" /><testcase classname="tests.test_admin_approval.TestAdminApproval" name="test_list_users_no_auth_returns_401" time="0.328" /><testcase classname="tests.backend_test.TestAuth" name="test_register_and_duplicate" time="0.577" /><testcase classname="tests.test_admin_approval.TestAdminApproval" name="test_list_users_non_admin_returns_403" time="0.669" /><testcase classname="tests.test_admin_approval.TestAdminApproval" name="test_list_users_filter_pending" time="0.262" /><testcase classname="tests.backend_test.TestAuth" name="test_me_with_token" time="0.452" /><testcase classname="tests.test_admin_approval.TestAdminApproval" name="test_pending_user_cannot_call_me_via_jwt" time="0.146" /><testcase classname="tests.backend_test.TestAuth" name="test_me_without_token" time="0.099" /><testcase classname="tests.test_admin_approval.TestAdminApproval" name="test_approve_pending_user_flips_status" time="0.117" /><testcase classname="tests.backend_test.TestAuth" name="test_sessions_no_auth" time="0.141" /><testcase classname="tests.test_admin_approval.TestAdminApproval" name="test_approve_nonexistent_returns_404" time="0.140" /><testcase classname="tests.backend_test.TestAuth" name="test_messages_no_auth" time="0.135" /><testcase classname="tests.test_admin_approval.TestAdminApproval" name="test_reject_pending_user_deletes" time="0.143" /><testcase classname="tests.backend_test.TestMessages" name="test_send_requires_connected" time="0.368" /><testcase classname="tests.test_admin_approval.TestAdminApproval" name="test_reject_admin_returns_400" time="0.101" /><testcase classname="tests.test_admin_approval.TestAdminApproval" name="test_reject_nonexistent_returns_404" time="0.112" /><testcase classname="tests.test_admin_approval.TestExistingAuthRegression" name="test_admin_login_returns_token_and_user" time="0.389" /><testcase classname="tests.backend_test.TestMessages" name="test_send_message" time="0.741" /><testcase classname="tests.test_admin_approval.TestExistingAuthRegression" name="test_me_with_admin_token" time="0.100" /><testcase classname="tests.test_admin_approval.TestExistingAuthRegression" name="test_register_creates_active_user_and_can_login" time="0.652" /><testcase classname="tests.backend_test.TestMessages" name="test_broadcast" time="0.321" /><testcase classname="tests.backend_test.TestMessages" name="test_list_messages" time="0.105" /><testcase classname="tests.test_admin_approval.TestGoogleSessionInvalid" name="test_invalid_session_id_returns_401" time="0.397" /><testcase classname="tests.backend_test.TestHealth" name="test_root" time="0.106" /><testcase classname="tests.backend_test.TestSessions" name="test_create_list_get_delete_session" time="1.001" /><testcase classname="tests.test_admin_approval.TestGoogleSessionInvalid" name="test_missing_session_id_validation" time="0.101" /><testcase classname="tests.backend_test.TestAutoReply" name="test_rule_crud_and_simulate" time="0.821"><failure message="AssertionError: assert '167d208c-a91...-afee40f33eb1' == '3980ffb3-090...-1d493d04c4c4'&#10;  &#10;  - 3980ffb3-0901-4aa1-aa18-1d493d04c4c4&#10;  + 167d208c-a91e-46ea-a88d-afee40f33eb1">backend/tests/backend_test.py:201: in test_rule_crud_and_simulate
    assert sbody["matched_rule"]["id"] == rule["id"]
E   AssertionError: assert '167d208c-a91...-afee40f33eb1' == '3980ffb3-090...-1d493d04c4c4'
E     
E     - 3980ffb3-0901-4aa1-aa18-1d493d04c4c4
E     + 167d208c-a91e-46ea-a88d-afee40f33eb1</failure></testcase><testcase classname="tests.backend_test.TestApiKeys" name="test_create_list_and_public_endpoints" time="0.740" /><testcase classname="tests.backend_test.TestStats" name="test_overview_shape" time="0.230" /></testsuite></testsuites>