<?xml version="1.0" encoding="utf-8"?><testsuites name="pytest tests"><testsuite name="pytest" errors="0" failures="1" skipped="0" tests="16" time="5.227" timestamp="2026-06-29T03:40:44.135460+00:00" hostname="agent-env-9b256c01-7fbc-4906-81ce-a9e91eeb451c"><testcase classname="tests.backend_test.TestAuth" name="test_login_admin" time="0.529" /><testcase classname="tests.backend_test.TestAuth" name="test_login_invalid" time="0.509" /><testcase classname="tests.backend_test.TestMessages" name="test_send_requires_connected" time="1.776" /><testcase classname="tests.backend_test.TestAuth" name="test_register_and_duplicate" time="0.368"><failure message="AssertionError: assert 'test_user_90...4@example.com' == 'TEST_user_90...4@example.com'&#10;  &#10;  - TEST_user_90140014@example.com&#10;  ? ^^^^&#10;  + test_user_90140014@example.com&#10;  ? ^^^^">backend/tests/backend_test.py:82: in test_register_and_duplicate
    assert body["user"]["email"] == email
E   AssertionError: assert 'test_user_90...4@example.com' == 'TEST_user_90...4@example.com'
E     
E     - TEST_user_90140014@example.com
E     ? ^^^^
E     + test_user_90140014@example.com
E     ? ^^^^</failure></testcase><testcase classname="tests.backend_test.TestAuth" name="test_me_with_token" time="0.440" /><testcase classname="tests.backend_test.TestAuth" name="test_me_without_token" time="0.119" /><testcase classname="tests.backend_test.TestAuth" name="test_sessions_no_auth" time="0.107" /><testcase classname="tests.backend_test.TestMessages" name="test_send_message" time="0.390" /><testcase classname="tests.backend_test.TestAuth" name="test_messages_no_auth" time="0.107" /><testcase classname="tests.backend_test.TestMessages" name="test_broadcast" time="0.142" /><testcase classname="tests.backend_test.TestHealth" name="test_root" time="0.141" /><testcase classname="tests.backend_test.TestMessages" name="test_list_messages" time="0.120" /><testcase classname="tests.backend_test.TestSessions" name="test_create_list_get_delete_session" time="0.891" /><testcase classname="tests.backend_test.TestAutoReply" name="test_rule_crud_and_simulate" time="0.624" /><testcase classname="tests.backend_test.TestStats" name="test_overview_shape" time="0.268" /><testcase classname="tests.backend_test.TestApiKeys" name="test_create_list_and_public_endpoints" time="1.010" /></testsuite></testsuites>