<?xml version="1.0" encoding="utf-8"?><testsuites name="pytest tests"><testsuite name="pytest" errors="0" failures="1" skipped="0" tests="15" time="3.772" timestamp="2026-06-29T04:14:20.888095+00:00" hostname="agent-env-9b256c01-7fbc-4906-81ce-a9e91eeb451c"><testcase classname="tests.test_admin_approval.TestExistingAuthRegression" name="test_admin_login_returns_token_and_user" time="0.783" /><testcase classname="tests.test_admin_approval.TestAdminApproval" name="test_list_users_admin_only" time="0.781" /><testcase classname="tests.test_admin_approval.TestAdminApproval" name="test_list_users_no_auth_returns_401" time="0.099" /><testcase classname="tests.test_admin_approval.TestAdminApproval" name="test_list_users_non_admin_returns_403" time="0.645" /><testcase classname="tests.test_admin_approval.TestExistingAuthRegression" name="test_me_with_admin_token" time="0.627" /><testcase classname="tests.test_admin_approval.TestExistingAuthRegression" name="test_register_creates_active_user_and_can_login" time="0.709" /><testcase classname="tests.test_admin_approval.TestAdminApproval" name="test_list_users_filter_pending" time="0.260" /><testcase classname="tests.test_admin_approval.TestAdminApproval" name="test_pending_user_cannot_call_me_via_jwt" time="0.326"><failure message="assert 401 == 403&#10; +  where 401 = &lt;Response [401]&gt;.status_code">backend/tests/test_admin_approval.py:165: in test_pending_user_cannot_call_me_via_jwt
    assert r.status_code == 403
E   assert 401 == 403
E    +  where 401 = &lt;Response [401]&gt;.status_code</failure></testcase><testcase classname="tests.test_admin_approval.TestGoogleSessionInvalid" name="test_invalid_session_id_returns_401" time="0.291" /><testcase classname="tests.test_admin_approval.TestAdminApproval" name="test_approve_pending_user_flips_status" time="0.175" /><testcase classname="tests.test_admin_approval.TestAdminApproval" name="test_approve_nonexistent_returns_404" time="0.139" /><testcase classname="tests.test_admin_approval.TestGoogleSessionInvalid" name="test_missing_session_id_validation" time="0.107" /><testcase classname="tests.test_admin_approval.TestAdminApproval" name="test_reject_pending_user_deletes" time="0.147" /><testcase classname="tests.test_admin_approval.TestAdminApproval" name="test_reject_admin_returns_400" time="0.148" /><testcase classname="tests.test_admin_approval.TestAdminApproval" name="test_reject_nonexistent_returns_404" time="0.100" /></testsuite></testsuites>